<?xml version="1.0" encoding="UTF-8"?>
<!-- Generated by org.testng.reporters.JUnitXMLReporter -->
<testsuite hostname="satish-PC" ignored="0" name="Test" tests="1" failures="1" timestamp="28 Jun 2018 10:46:15 GMT" time="55.53" errors="0">
  <testcase name="fblogin" time="55.34" classname="PageObjects.loginfb">
    <failure type="java.lang.NullPointerException">
      <![CDATA[java.lang.NullPointerException
at PageObjects.loginfb.fblogin(loginfb.java:19)
... Removed 25 stack frames]]>
    </failure>
  </testcase> <!-- fblogin -->
</testsuite> <!-- Test -->
